<?xml version="1.0" encoding="UTF-8"?>
<!-- Generated by org.testng.reporters.JUnitReportReporter -->
<testsuite skipped="0" hostname="LAPTOP-R0FI7S9S" name="test.AddCategoryTest" tests="3" failures="0" timestamp="05 Dec 2022 06:19:59 GMT" time="5.070" errors="0">
  <testcase name="addCategory" time="2.793" classname="test.AddCategoryTest"/>
  <testcase name="duplicateItems" time="0.180" classname="test.AddCategoryTest"/>
  <testcase name="validateMonths" time="2.097" classname="test.AddCategoryTest"/>
</testsuite> <!-- test.AddCategoryTest -->
